#
# A fatal error has been detected by the Java Runtime Environment:
#
#  EXCEPTION_ACCESS_VIOLATION (0xc0000005) at pc=0x0000000064a427c5, pid=492, tid=4644
#
# JRE version: Java(TM) SE Runtime Environment (8.0_66-b17) (build 1.8.0_66-b17)
# Java VM: Java HotSpot(TM) 64-Bit Server VM (25.66-b17 mixed mode windows-amd64 compressed oops)
# Problematic frame:
# V  [jvm.dll+0x1027c5]
#
# Failed to write core dump. Minidumps are not enabled by default on client versions of Windows
#
# If you would like to submit a bug report, please visit:
#   http://bugreport.java.com/bugreport/crash.jsp
#

---------------  T H R E A D  ---------------

Current thread (0x00000000022bc800):  GCTaskThread [stack: 0x0000000012150000,0x0000000012250000] [id=4644]

siginfo: ExceptionCode=0xc0000005, reading address 0x0000000015b61598

Registers:
RAX=0x00000000137a0000, RBX=0x000000006514a5b0, RCX=0x0000000000000024, RDX=0x0000000011e0ace4
RSP=0x000000001224f890, RBP=0x0000000055286c70, RSI=0x000000000a934108, RDI=0x0000000000000001
R8 =0x00000000004782b3, R9 =0x0000000014a142e0, R10=0x000000000000054b, R11=0x8000110002200000
R12=0x00000000fa6b2f50, R13=0x0000000000000200, R14=0x00000000fa6b2740, R15=0x00000000000002c4
RIP=0x0000000064a427c5, EFLAGS=0x0000000000010206

Top of Stack: (sp=0x000000001224f890)
0x000000001224f890:   00000000c006b3d8 0000000064a427ef
0x000000001224f8a0:   00000000fcb09431 0000000064d3a625
0x000000001224f8b0:   00000000fa6b5ee8 0000000064d2e62b
0x000000001224f8c0:   000000006514a5b0 000000000a934108
0x000000001224f8d0:   000000006514a5b0 0000000000000002
0x000000001224f8e0:   000000000a934108 0000000064a49c6c
0x000000001224f8f0:   00000000fa6b5ee8 00000000fa6b2db0
0x000000001224f900:   00000000fa6b2da8 0000000000000004
0x000000001224f910:   00000000fa6b5ee8 0000000064a78c8a
0x000000001224f920:   0000000000000492 0000000064a53456
0x000000001224f930:   00000000fa6b2740 00000000fa6b273c
0x000000001224f940:   0000000055286c70 0000000064a78d93
0x000000001224f950:   0000000000000000 00000000022b5280
0x000000001224f960:   00000000022ba2c0 000000001224fa99
0x000000001224f970:   0000000000000492 0000000064d31f20
0x000000001224f980:   0000000055286c70 00000a8e00000457 

Instructions: (pc=0x0000000064a427c5)
0x0000000064a427a5:   48 89 74 24 10 57 48 83 ec 20 48 8b 41 20 4c 8b
0x0000000064a427b5:   c2 0f b6 ca 49 c1 e8 06 80 e1 3f bf 01 00 00 00
0x0000000064a427c5:   4a 8b 1c c0 4a 8d 34 c0 48 d3 e7 48 8b c3 48 0b
0x0000000064a427d5:   c7 48 3b c3 74 27 0f 1f 44 00 00 4c 8b c3 48 8b 


Register to memory mapping:

RAX=0x00000000137a0000 is an unknown value
RBX=0x000000006514a5b0 is an unknown value
RCX=0x0000000000000024 is an unknown value
RDX=0x0000000011e0ace4 is an unknown value
RSP=0x000000001224f890 is an unknown value
RBP=0x0000000055286c70 is an unknown value
RSI=0x000000000a934108 is an unknown value
RDI=0x0000000000000001 is an unknown value
R8 =0x00000000004782b3 is an unknown value
R9 =0x0000000014a142e0 is pointing into metadata
R10=0x000000000000054b is an unknown value
R11=0x8000110002200000 is an unknown value
R12=0x00000000fa6b2f50 is an unknown value
R13=0x0000000000000200 is an unknown value
R14=0x00000000fa6b2740 is an oop
[Ljava.lang.Object; 
 - klass: 'java/lang/Object'[]
 - length: 708
R15=0x00000000000002c4 is an unknown value


Stack: [0x0000000012150000,0x0000000012250000],  sp=0x000000001224f890,  free space=1022k
Native frames: (J=compiled Java code, j=interpreted, Vv=VM code, C=native code)
V  [jvm.dll+0x1027c5]
V  [jvm.dll+0x3ee62b]
V  [jvm.dll+0x109c6c]
V  [jvm.dll+0x138c8a]
V  [jvm.dll+0x3f1f20]
V  [jvm.dll+0x3ef1c0]
V  [jvm.dll+0x3ecdde]
V  [jvm.dll+0x29a0fa]
C  [msvcr100.dll+0x21d9f]
C  [msvcr100.dll+0x21e3b]
C  [kernel32.dll+0x15a4d]
C  [ntdll.dll+0x2b831]


---------------  P R O C E S S  ---------------

Java Threads: ( => current thread )
  0x0000000057bed800 JavaThread "pool-2-thread-4" [_thread_blocked, id=5704, stack(0x0000000059290000,0x0000000059390000)]
  0x0000000057beb000 JavaThread "pool-2-thread-3" [_thread_blocked, id=5480, stack(0x0000000059010000,0x0000000059110000)]
  0x0000000057e3c000 JavaThread "pool-2-thread-2" [_thread_blocked, id=4596, stack(0x0000000058cf0000,0x0000000058df0000)]
  0x00000000581fd000 JavaThread "pool-3-thread-1" [_thread_blocked, id=5248, stack(0x00000000571e0000,0x00000000572e0000)]
  0x00000000581fc000 JavaThread "pool-2-thread-1" [_thread_blocked, id=1304, stack(0x0000000058df0000,0x0000000058ef0000)]
  0x0000000056cc3000 JavaThread "Service Thread" daemon [_thread_blocked, id=5332, stack(0x00000000572e0000,0x00000000573e0000)]
  0x0000000056c40800 JavaThread "C1 CompilerThread2" daemon [_thread_blocked, id=2040, stack(0x0000000057050000,0x0000000057150000)]
  0x000000005539e000 JavaThread "C2 CompilerThread1" daemon [_thread_blocked, id=4324, stack(0x0000000056980000,0x0000000056a80000)]
  0x0000000055396800 JavaThread "C2 CompilerThread0" daemon [_thread_blocked, id=3648, stack(0x0000000056b40000,0x0000000056c40000)]
  0x0000000055395000 JavaThread "Attach Listener" daemon [_thread_blocked, id=1908, stack(0x0000000056870000,0x0000000056970000)]
  0x0000000055391800 JavaThread "Signal Dispatcher" daemon [_thread_blocked, id=6124, stack(0x0000000056740000,0x0000000056840000)]
  0x0000000055336800 JavaThread "Finalizer" daemon [_thread_blocked, id=5168, stack(0x0000000056630000,0x0000000056730000)]
  0x0000000055330000 JavaThread "Reference Handler" daemon [_thread_blocked, id=4348, stack(0x00000000564a0000,0x00000000565a0000)]
  0x000000000246e000 JavaThread "main" [_thread_blocked, id=968, stack(0x0000000002550000,0x0000000002650000)]

Other Threads:
  0x000000005532a800 VMThread [stack: 0x0000000056360000,0x0000000056460000] [id=2576]
  0x0000000056c7c800 WatcherThread [stack: 0x0000000057410000,0x0000000057510000] [id=4312]

=>0x00000000022bc800 (exited) GCTaskThread [stack: 0x0000000012150000,0x0000000012250000] [id=4644]

VM state:at safepoint (normal execution)

VM Mutex/Monitor currently owned by a thread:  ([mutex/lock_event])
[0x000000000246c340] Threads_lock - owner thread: 0x000000005532a800
[0x000000000246c840] Heap_lock - owner thread: 0x0000000057beb000

Heap:
 PSYoungGen      total 232960K, used 71280K [0x00000000eab00000, 0x0000000100000000, 0x0000000100000000)
  eden space 116736K, 0% used [0x00000000eab00000,0x00000000eab00000,0x00000000f1d00000)
  from space 116224K, 61% used [0x00000000f8e80000,0x00000000fd41c110,0x0000000100000000)
  to   space 116224K, 0% used [0x00000000f1d00000,0x00000000f1d00000,0x00000000f8e80000)
 ParOldGen       total 232448K, used 214757K [0x00000000c0000000, 0x00000000ce300000, 0x00000000eab00000)
  object space 232448K, 92% used [0x00000000c0000000,0x00000000cd1b9518,0x00000000ce300000)
 Metaspace       used 6636K, capacity 7320K, committed 7680K, reserved 1056768K
  class space    used 627K, capacity 656K, committed 768K, reserved 1048576K

Card table byte_map: [0x0000000011ce0000,0x0000000011ef0000] byte_map_base: 0x00000000116e0000

Marking Bits: (ParMarkBitMap*) 0x000000006514a5b0
 Begin Bits: [0x00000000127a0000, 0x00000000137a0000)
 End Bits:   [0x00000000137a0000, 0x00000000147a0000)

Polling page: 0x0000000000440000

CodeCache: size=245760Kb used=12535Kb max_used=12559Kb free=233224Kb
 bounds [0x0000000002920000, 0x0000000003580000, 0x0000000011920000]
 total_blobs=2852 nmethods=2582 adapters=182
 compilation: enabled

Compilation events (10 events):
Event: 18.552 Thread 0x0000000056c40800 2746       1       com.android.dx.dex.code.BlockAddresses::getStart (7 bytes)
Event: 18.552 Thread 0x0000000056c40800 nmethod 2746 0x00000000035469d0 code [0x0000000003546b20, 0x0000000003546c50]
Event: 18.571 Thread 0x000000005539e000 nmethod 2647 0x0000000003564550 code [0x0000000003564c40, 0x00000000035696d0]
Event: 18.571 Thread 0x000000005539e000 2738       4       com.android.dx.cf.direct.AttributeListParser::<init> (83 bytes)
Event: 18.576 Thread 0x000000005539e000 nmethod 2738 0x0000000003557490 code [0x0000000003557600, 0x0000000003557998]
Event: 18.577 Thread 0x000000005539e000 2733       4       com.android.dx.rop.code.RegisterSpec::equals (60 bytes)
Event: 18.582 Thread 0x000000005539e000 nmethod 2733 0x0000000003542c90 code [0x0000000003542e00, 0x00000000035432d8]
Event: 18.582 Thread 0x000000005539e000 2739       4       com.android.dx.dex.code.RopTranslator$1::visitPlainCstInsn (64 bytes)
Event: 18.584 Thread 0x000000005539e000 nmethod 2739 0x0000000003542810 code [0x0000000003542960, 0x0000000003542ab8]
Event: 18.584 Thread 0x000000005539e000 2741       4       com.android.dx.dex.code.RopTranslator$LocalVariableAwareTranslationVisitor::visitPlainCstInsn (11 bytes)

GC Heap History (10 events):
Event: 14.176 GC heap after
Heap after GC invocations=14 (full 2):
 PSYoungGen      total 248832K, used 65726K [0x00000000eab00000, 0x0000000100000000, 0x0000000100000000)
  eden space 162816K, 0% used [0x00000000eab00000,0x00000000eab00000,0x00000000f4a00000)
  from space 86016K, 76% used [0x00000000fac00000,0x00000000fec2f970,0x0000000100000000)
  to   space 93184K, 0% used [0x00000000f4a00000,0x00000000f4a00000,0x00000000fa500000)
 ParOldGen       total 232448K, used 133143K [0x00000000c0000000, 0x00000000ce300000, 0x00000000eab00000)
  object space 232448K, 57% used [0x00000000c0000000,0x00000000c8205fc0,0x00000000ce300000)
 Metaspace       used 6616K, capacity 7320K, committed 7680K, reserved 1056768K
  class space    used 627K, capacity 656K, committed 768K, reserved 1048576K
}
Event: 15.867 GC heap before
{Heap before GC invocations=15 (full 2):
 PSYoungGen      total 248832K, used 228542K [0x00000000eab00000, 0x0000000100000000, 0x0000000100000000)
  eden space 162816K, 100% used [0x00000000eab00000,0x00000000f4a00000,0x00000000f4a00000)
  from space 86016K, 76% used [0x00000000fac00000,0x00000000fec2f970,0x0000000100000000)
  to   space 93184K, 0% used [0x00000000f4a00000,0x00000000f4a00000,0x00000000fa500000)
 ParOldGen       total 232448K, used 133143K [0x00000000c0000000, 0x00000000ce300000, 0x00000000eab00000)
  object space 232448K, 57% used [0x00000000c0000000,0x00000000c8205fc0,0x00000000ce300000)
 Metaspace       used 6619K, capacity 7320K, committed 7680K, reserved 1056768K
  class space    used 627K, capacity 656K, committed 768K, reserved 1048576K
Event: 16.071 GC heap after
Heap after GC invocations=15 (full 2):
 PSYoungGen      total 252928K, used 89602K [0x00000000eab00000, 0x0000000100000000, 0x0000000100000000)
  eden space 162816K, 0% used [0x00000000eab00000,0x00000000eab00000,0x00000000f4a00000)
  from space 90112K, 99% used [0x00000000f4a00000,0x00000000fa180b48,0x00000000fa200000)
  to   space 96256K, 0% used [0x00000000fa200000,0x00000000fa200000,0x0000000100000000)
 ParOldGen       total 232448K, used 133143K [0x00000000c0000000, 0x00000000ce300000, 0x00000000eab00000)
  object space 232448K, 57% used [0x00000000c0000000,0x00000000c8205fc0,0x00000000ce300000)
 Metaspace       used 6619K, capacity 7320K, committed 7680K, reserved 1056768K
  class space    used 627K, capacity 656K, committed 768K, reserved 1048576K
}
Event: 17.077 GC heap before
{Heap before GC invocations=16 (full 2):
 PSYoungGen      total 252928K, used 252418K [0x00000000eab00000, 0x0000000100000000, 0x0000000100000000)
  eden space 162816K, 100% used [0x00000000eab00000,0x00000000f4a00000,0x00000000f4a00000)
  from space 90112K, 99% used [0x00000000f4a00000,0x00000000fa180b48,0x00000000fa200000)
  to   space 96256K, 0% used [0x00000000fa200000,0x00000000fa200000,0x0000000100000000)
 ParOldGen       total 232448K, used 133143K [0x00000000c0000000, 0x00000000ce300000, 0x00000000eab00000)
  object space 232448K, 57% used [0x00000000c0000000,0x00000000c8205fc0,0x00000000ce300000)
 Metaspace       used 6624K, capacity 7320K, committed 7680K, reserved 1056768K
  class space    used 627K, capacity 656K, committed 768K, reserved 1048576K
Event: 17.255 GC heap after
Heap after GC invocations=16 (full 2):
 PSYoungGen      total 212992K, used 96228K [0x00000000eab00000, 0x0000000100000000, 0x0000000100000000)
  eden space 116736K, 0% used [0x00000000eab00000,0x00000000eab00000,0x00000000f1d00000)
  from space 96256K, 99% used [0x00000000fa200000,0x00000000ffff9010,0x0000000100000000)
  to   space 116224K, 0% used [0x00000000f1d00000,0x00000000f1d00000,0x00000000f8e80000)
 ParOldGen       total 232448K, used 151926K [0x00000000c0000000, 0x00000000ce300000, 0x00000000eab00000)
  object space 232448K, 65% used [0x00000000c0000000,0x00000000c945dbe0,0x00000000ce300000)
 Metaspace       used 6624K, capacity 7320K, committed 7680K, reserved 1056768K
  class space    used 627K, capacity 656K, committed 768K, reserved 1048576K
}
Event: 17.764 GC heap before
{Heap before GC invocations=17 (full 2):
 PSYoungGen      total 212992K, used 212964K [0x00000000eab00000, 0x0000000100000000, 0x0000000100000000)
  eden space 116736K, 100% used [0x00000000eab00000,0x00000000f1d00000,0x00000000f1d00000)
  from space 96256K, 99% used [0x00000000fa200000,0x00000000ffff9010,0x0000000100000000)
  to   space 116224K, 0% used [0x00000000f1d00000,0x00000000f1d00000,0x00000000f8e80000)
 ParOldGen       total 232448K, used 151926K [0x00000000c0000000, 0x00000000ce300000, 0x00000000eab00000)
  object space 232448K, 65% used [0x00000000c0000000,0x00000000c945dbe0,0x00000000ce300000)
 Metaspace       used 6636K, capacity 7320K, committed 7680K, reserved 1056768K
  class space    used 627K, capacity 656K, committed 768K, reserved 1048576K
Event: 17.951 GC heap after
Heap after GC invocations=17 (full 2):
 PSYoungGen      total 232960K, used 99684K [0x00000000eab00000, 0x0000000100000000, 0x0000000100000000)
  eden space 116736K, 0% used [0x00000000eab00000,0x00000000eab00000,0x00000000f1d00000)
  from space 116224K, 85% used [0x00000000f1d00000,0x00000000f7e59270,0x00000000f8e80000)
  to   space 116224K, 0% used [0x00000000f8e80000,0x00000000f8e80000,0x0000000100000000)
 ParOldGen       total 232448K, used 166280K [0x00000000c0000000, 0x00000000ce300000, 0x00000000eab00000)
  object space 232448K, 71% used [0x00000000c0000000,0x00000000ca2623d0,0x00000000ce300000)
 Metaspace       used 6636K, capacity 7320K, committed 7680K, reserved 1056768K
  class space    used 627K, capacity 656K, committed 768K, reserved 1048576K
}
Event: 18.620 GC heap before
{Heap before GC invocations=18 (full 2):
 PSYoungGen      total 232960K, used 216420K [0x00000000eab00000, 0x0000000100000000, 0x0000000100000000)
  eden space 116736K, 100% used [0x00000000eab00000,0x00000000f1d00000,0x00000000f1d00000)
  from space 116224K, 85% used [0x00000000f1d00000,0x00000000f7e59270,0x00000000f8e80000)
  to   space 116224K, 0% used [0x00000000f8e80000,0x00000000f8e80000,0x0000000100000000)
 ParOldGen       total 232448K, used 166280K [0x00000000c0000000, 0x00000000ce300000, 0x00000000eab00000)
  object space 232448K, 71% used [0x00000000c0000000,0x00000000ca2623d0,0x00000000ce300000)
 Metaspace       used 6636K, capacity 7320K, committed 7680K, reserved 1056768K
  class space    used 627K, capacity 656K, committed 768K, reserved 1048576K
Event: 18.771 GC heap after
Heap after GC invocations=18 (full 2):
 PSYoungGen      total 232960K, used 71280K [0x00000000eab00000, 0x0000000100000000, 0x0000000100000000)
  eden space 116736K, 0% used [0x00000000eab00000,0x00000000eab00000,0x00000000f1d00000)
  from space 116224K, 61% used [0x00000000f8e80000,0x00000000fd41c110,0x0000000100000000)
  to   space 116224K, 0% used [0x00000000f1d00000,0x00000000f1d00000,0x00000000f8e80000)
 ParOldGen       total 232448K, used 214757K [0x00000000c0000000, 0x00000000ce300000, 0x00000000eab00000)
  object space 232448K, 92% used [0x00000000c0000000,0x00000000cd1b9518,0x00000000ce300000)
 Metaspace       used 6636K, capacity 7320K, committed 7680K, reserved 1056768K
  class space    used 627K, capacity 656K, committed 768K, reserved 1048576K
}
Event: 18.771 GC heap before
{Heap before GC invocations=19 (full 3):
 PSYoungGen      total 232960K, used 71280K [0x00000000eab00000, 0x0000000100000000, 0x0000000100000000)
  eden space 116736K, 0% used [0x00000000eab00000,0x00000000eab00000,0x00000000f1d00000)
  from space 116224K, 61% used [0x00000000f8e80000,0x00000000fd41c110,0x0000000100000000)
  to   space 116224K, 0% used [0x00000000f1d00000,0x00000000f1d00000,0x00000000f8e80000)
 ParOldGen       total 232448K, used 214757K [0x00000000c0000000, 0x00000000ce300000, 0x00000000eab00000)
  object space 232448K, 92% used [0x00000000c0000000,0x00000000cd1b9518,0x00000000ce300000)
 Metaspace       used 6636K, capacity 7320K, committed 7680K, reserved 1056768K
  class space    used 627K, capacity 656K, committed 768K, reserved 1048576K

Deoptimization events (10 events):
Event: 16.108 Thread 0x0000000057bed800 Uncommon trap: reason=unstable_if action=reinterpret pc=0x000000000347fb78 method=com.android.dx.cf.code.Merger.isPossiblyAssignableFrom(Lcom/android/dx/rop/type/TypeBearer;Lcom/android/dx/rop/type/TypeBearer;)Z @ 131
Event: 17.011 Thread 0x00000000581fc000 Uncommon trap: reason=unstable_if action=reinterpret pc=0x00000000033c5310 method=com.android.dx.rop.code.LocalVariableExtractor.processBlock(I)V @ 208
Event: 17.028 Thread 0x0000000057bed800 Uncommon trap: reason=unstable_if action=reinterpret pc=0x00000000031dc14c method=java.util.HashMap.putVal(ILjava/lang/Object;Ljava/lang/Object;ZZ)Ljava/lang/Object; @ 109
Event: 17.332 Thread 0x0000000057e3c000 Uncommon trap: reason=bimorphic action=maybe_recompile pc=0x00000000033e2164 method=com.android.dx.ssa.back.FirstFitLocalCombiningAllocator.findNextUnreservedRopReg(IILcom/android/dx/ssa/back/FirstFitLocalCombiningAllocator$Alignment;)I @ 60
Event: 17.568 Thread 0x00000000581fc000 Uncommon trap: reason=unstable_if action=reinterpret pc=0x00000000034c16a8 method=com.android.dx.cf.code.Ropper.addOrReplaceBlock(Lcom/android/dx/rop/code/BasicBlock;Lcom/android/dx/util/IntList;)Z @ 24
Event: 17.573 Thread 0x0000000057bed800 Uncommon trap: reason=unstable_if action=reinterpret pc=0x00000000034fbc84 method=com.android.dx.dex.code.OutputFinisher.hasLocalInfo(Lcom/android/dx/rop/code/RegisterSpec;)Z @ 1
Event: 18.156 Thread 0x00000000581fc000 Uncommon trap: reason=unstable_if action=reinterpret pc=0x0000000002d16e18 method=com.android.dx.dex.code.OutputFinisher.hasLocalInfo(Lcom/android/dx/dex/code/DalvInsn;)Z @ 24
Event: 18.226 Thread 0x00000000581fc000 Uncommon trap: reason=unstable_if action=reinterpret pc=0x00000000033db4e4 method=com.android.dx.dex.code.OutputFinisher.hasLocalInfo(Lcom/android/dx/rop/code/RegisterSpec;)Z @ 1
Event: 18.284 Thread 0x0000000057e3c000 Uncommon trap: reason=unstable_if action=reinterpret pc=0x0000000002dd6eb8 method=com.android.dx.cf.code.Merger.isPossiblyAssignableFrom(Lcom/android/dx/rop/type/TypeBearer;Lcom/android/dx/rop/type/TypeBearer;)Z @ 131
Event: 18.284 Thread 0x0000000057e3c000 Uncommon trap: reason=unstable_if action=reinterpret pc=0x000000000326ddf4 method=com.android.dx.cf.code.Merger.isPossiblyAssignableFrom(Lcom/android/dx/rop/type/TypeBearer;Lcom/android/dx/rop/type/TypeBearer;)Z @ 131

Internal exceptions (9 events):
Event: 0.035 Thread 0x000000000246e000 Exception <a 'java/lang/NoSuchMethodError': Method sun.misc.Unsafe.defineClass(Ljava/lang/String;[BII)Ljava/lang/Class; name or signature does not match> (0x00000000eab0d4c0) thrown at [C:\re\workspace\8-2-build-windows-amd64-cygwin\jdk8u66\4988\hotspot\sr¢Òe¹M1¢?
Event: 0.036 Thread 0x000000000246e000 Exception <a 'java/lang/NoSuchMethodError': Method sun.misc.Unsafe.prefetchRead(Ljava/lang/Object;J)V name or signature does not match> (0x00000000eab0d7a8) thrown at [C:\re\workspace\8-2-build-windows-amd64-cygwin\jdk8u66\4988\hotspot\src\share\vm\prims\jZ@‚<ÎŽð?
Event: 1.035 Thread 0x00000000581fc000 Implicit null exception at 0x0000000002d01bb5 to 0x0000000002d0281d
Event: 4.114 Thread 0x00000000581fc000 Exception <a 'java/lang/ArrayIndexOutOfBoundsException': 18> (0x00000000eb1a7048) thrown at [C:\re\workspace\8-2-build-windows-amd64-cygwin\jdk8u66\4988\hotspot\src\share\vm\interpreter\interpreterRuntime.cpp, line 366]
Event: 4.115 Thread 0x00000000581fc000 Exception <a 'java/lang/ArrayIndexOutOfBoundsException'> (0x00000000eb2cfa98) thrown at [C:\re\workspace\8-2-build-windows-amd64-cygwin\jdk8u66\4988\hotspot\src\share\vm\runtime\sharedRuntime.cpp, line 605]
Event: 4.116 Thread 0x00000000581fc000 Exception <a 'java/lang/ArrayIndexOutOfBoundsException'> (0x00000000eb2d0d80) thrown at [C:\re\workspace\8-2-build-windows-amd64-cygwin\jdk8u66\4988\hotspot\src\share\vm\runtime\sharedRuntime.cpp, line 605]
Event: 8.912 Thread 0x0000000057e3c000 Implicit null exception at 0x0000000002eeebf4 to 0x0000000002ef0681
Event: 17.573 Thread 0x0000000057bed800 Implicit null exception at 0x00000000034fa982 to 0x00000000034fbc61
Event: 18.226 Thread 0x00000000581fc000 Implicit null exception at 0x00000000033db32d to 0x00000000033db4d1

Events (10 events):
Event: 18.509 Thread 0x0000000057beb000 DEOPT UNPACKING pc=0x000000000296787f sp=0x000000005910e8f0 mode 0
Event: 18.510 Thread 0x000000000246e000 DEOPT PACKING pc=0x0000000002d8ab84 sp=0x000000000264e370
Event: 18.510 Thread 0x000000000246e000 DEOPT UNPACKING pc=0x000000000296787f sp=0x000000000264e0f0 mode 0
Event: 18.571 Thread 0x0000000057bed800 DEOPT PACKING pc=0x0000000002e0efa1 sp=0x000000005938e540
Event: 18.571 Thread 0x0000000057bed800 DEOPT UNPACKING pc=0x000000000296787f sp=0x000000005938e350 mode 0
Event: 18.590 Thread 0x0000000057e3c000 DEOPT PACKING pc=0x0000000002d8ab84 sp=0x0000000058dee840
Event: 18.590 Thread 0x0000000057e3c000 DEOPT UNPACKING pc=0x000000000296787f sp=0x0000000058dee5c0 mode 0
Event: 18.597 Thread 0x00000000581fc000 DEOPT PACKING pc=0x0000000002d8b544 sp=0x0000000058eeeaf0
Event: 18.597 Thread 0x00000000581fc000 DEOPT UNPACKING pc=0x000000000296787f sp=0x0000000058eee7d0 mode 0
Event: 18.619 Executing VM operation: ParallelGCFailedAllocation


Dynamic libraries:
0x000000013fab0000 - 0x000000013fae7000 	C:\Program Files\Java\jdk1.8.0_66\bin\java.exe
0x00000000775a0000 - 0x0000000077749000 	C:\Windows\SYSTEM32\ntdll.dll
0x0000000077380000 - 0x00000000774a0000 	C:\Windows\system32\kernel32.dll
0x000007fefd440000 - 0x000007fefd4ac000 	C:\Windows\system32\KERNELBASE.dll
0x000007feff7c0000 - 0x000007feff89b000 	C:\Windows\system32\ADVAPI32.dll
0x000007feff530000 - 0x000007feff5cf000 	C:\Windows\system32\msvcrt.dll
0x000007fefee70000 - 0x000007fefee8f000 	C:\Windows\SYSTEM32\sechost.dll
0x000007fefddb0000 - 0x000007fefdedd000 	C:\Windows\system32\RPCRT4.dll
0x00000000774a0000 - 0x000000007759a000 	C:\Windows\system32\USER32.dll
0x000007feff370000 - 0x000007feff3d7000 	C:\Windows\system32\GDI32.dll
0x000007fefdda0000 - 0x000007fefddae000 	C:\Windows\system32\LPK.dll
0x000007feff460000 - 0x000007feff52a000 	C:\Windows\system32\USP10.dll
0x000007fefbf30000 - 0x000007fefc124000 	C:\Windows\WinSxS\amd64_microsoft.windows.common-controls_6595b64144ccf1df_6.0.7601.18837_none_fa3b1e3d17594757\COMCTL32.dll
0x000007fefdd20000 - 0x000007fefdd91000 	C:\Windows\system32\SHLWAPI.dll
0x000007fefd7a0000 - 0x000007fefd7ce000 	C:\Windows\system32\IMM32.DLL
0x000007fefdee0000 - 0x000007fefdfe9000 	C:\Windows\system32\MSCTF.dll
0x0000000063cf0000 - 0x0000000063dc2000 	C:\Program Files\Java\jdk1.8.0_66\jre\bin\msvcr100.dll
0x0000000064940000 - 0x00000000651c9000 	C:\Program Files\Java\jdk1.8.0_66\jre\bin\server\jvm.dll
0x000007fef5eb0000 - 0x000007fef5eb9000 	C:\Windows\system32\WSOCK32.dll
0x000007fefdff0000 - 0x000007fefe03d000 	C:\Windows\system32\WS2_32.dll
0x000007feff8a0000 - 0x000007feff8a8000 	C:\Windows\system32\NSI.dll
0x000007fefac90000 - 0x000007fefaccb000 	C:\Windows\system32\WINMM.dll
0x000007fefc420000 - 0x000007fefc42c000 	C:\Windows\system32\VERSION.dll
0x0000000077770000 - 0x0000000077777000 	C:\Windows\system32\PSAPI.DLL
0x0000000070a00000 - 0x0000000070a0f000 	C:\Program Files\Java\jdk1.8.0_66\jre\bin\verify.dll
0x00000000709d0000 - 0x00000000709f9000 	C:\Program Files\Java\jdk1.8.0_66\jre\bin\java.dll
0x00000000709b0000 - 0x00000000709c6000 	C:\Program Files\Java\jdk1.8.0_66\jre\bin\zip.dll
0x000007fefe0e0000 - 0x000007fefee69000 	C:\Windows\system32\SHELL32.dll
0x000007feff160000 - 0x000007feff363000 	C:\Windows\system32\ole32.dll
0x000007fefd350000 - 0x000007fefd35f000 	C:\Windows\system32\profapi.dll
0x000007fef1280000 - 0x000007fef13a5000 	C:\Windows\system32\dbghelp.dll

VM Arguments:
jvm_args: -Djava.awt.headless=true -Xmx1024M -Dfile.encoding=windows-1252 -Duser.country=US -Duser.language=en -Duser.variant 
java_command: com.android.dx.command.Main --dex --num-threads=4 --multi-dex --main-dex-list C:\Users\bismark.frimpong\Documents\projectalpha\SpeedDating\app\build\intermediates\multi-dex\debug\maindexlist.txt --output C:\Users\bismark.frimpong\Documents\projectalpha\SpeedDating\app\build\intermediates\transforms\dex\debug\folders\1000\1f\main C:\Users\bismark.frimpong\Documents\projectalpha\SpeedDating\app\build\intermediates\transforms\jarMerging\debug\jars\1\1f\combined.jar
java_class_path (initial): C:\Users\bismark.frimpong\AppData\Local\Android\sdk\build-tools\23.0.2\lib\dx.jar
Launcher Type: SUN_STANDARD

Environment Variables:
PATH=C:\Program Files (x86)\EasyPHP-DevServer-14.1VC11\binaries\php\php_runningversion;C:\ProgramData\Oracle\Java\javapath;C:\Windows\system32;C:\Windows;C:\Windows\System32\Wbem;C:\Windows\System32\WindowsPowerShell\v1.0\;C:\Program Files (x86)\ShoreTel\Connect\;C:\Program Files (x86)\Skype\Phone\
USERNAME=Bismark.Frimpong
OS=Windows_NT
PROCESSOR_IDENTIFIER=Intel64 Family 6 Model 42 Stepping 7, GenuineIntel



---------------  S Y S T E M  ---------------

OS: Windows 7 , 64 bit Build 7601 (6.1.7601.19045)

CPU:total 4 (2 cores per cpu, 2 threads per core) family 6 model 42 stepping 7, cmov, cx8, fxsr, mmx, sse, sse2, sse3, ssse3, sse4.1, sse4.2, popcnt, avx, aes, clmul, ht, tsc, tscinvbit

Memory: 4k page, physical 6171888k(643356k free), swap 12341940k(6011696k free)

vm_info: Java HotSpot(TM) 64-Bit Server VM (25.66-b17) for windows-amd64 JRE (1.8.0_66-b17), built on Oct  6 2015 18:55:33 by "java_re" with MS VC++ 10.0 (VS2010)

time: Thu Dec 24 03:43:35 2015
elapsed time: 19 seconds (0d 0h 0m 19s)

